0:100  0:100  MemLog inited, TSC freq: 2400440380
0:100  0:000  CPU was calibrated with RTC
0:100  0:000  
0:100  0:000  Now is 6.1.2019,  15:24:20 (GMT)
0:100  0:000  Starting Clover revision: 4701.RM-4963.24249(ca6cca7c.a0344119e7)  on INSYDE Corp. EFI
0:100  0:000  Build with: [Args: -mc --no-usb -D NO_GRUB_DRIVERS_EMBEDDED -t XCODE8 | -D DISABLE_USB_SUPPORT -D NO_GRUB_DRIVERS_EMBEDDED --conf=/Users/rehabman/Projects/clover.git/src/edk2/Conf -D USE_BIOS_BLOCKIO -D USE_LOW_EBDA -a X64 -b RELEASE -t XCODE8 -n 9 | OS: 10.14 | XCODE: 9.4.1]
0:100  0:000  SelfDevicePath=PciRoot(0x0)\Pci(0x17,0x0)\Sata(0x0,0x0,0x0)\HD(1,GPT,1FA128EF-67F5-41BB-AC8A-181B7D5C2827,0x28,0x64000) @6BA0F998
0:100  0:000  SelfDirPath = \EFI\BOOT
0:101  0:000  === [ Get Smbios ] ========================================
0:112  0:011  Type 16 Index = 0
0:112  0:000  Total Memory Slots Count = 2
0:112  0:000  Type 17 Index = 0
0:112  0:000  SmbiosTable.Type17->Speed = 2133MHz
0:112  0:000  SmbiosTable.Type17->Size = 8192MB
0:112  0:000  SmbiosTable.Type17->Bank/Device = BANK 0 ChannelA-DIMM0
0:112  0:000  SmbiosTable.Type17->Vendor = Samsung
0:112  0:000  SmbiosTable.Type17->SerialNumber = 00000000
0:112  0:000  SmbiosTable.Type17->PartNumber = M471A1K43BB0-CPB    
0:112  0:000  Type 17 Index = 1
0:112  0:000  Ignoring insane frequency value 0MHz
0:112  0:000  SmbiosTable.Type17->Speed = 0MHz
0:112  0:000  SmbiosTable.Type17->Size = 0MB
0:112  0:000  SmbiosTable.Type17->Bank/Device = BANK 1 ChannelA-DIMM1
0:112  0:000  SmbiosTable.Type17->Vendor = <null string>
0:112  0:000  SmbiosTable.Type17->SerialNumber = <null string>
0:112  0:000  SmbiosTable.Type17->PartNumber = <null string>
0:112  0:000  Boot status=0
0:112  0:000  Running on: 'TM1613' with board 'TM1613'
0:112  0:000  === [ GetCPUProperties ] ==================================
0:112  0:000  CPU Vendor = 756E6547 Model=406E3
0:112  0:000   The CPU supported SSE4.1
0:112  0:000  BrandString = Intel(R) Core(TM) i5-6200U CPU @ 2.30GHz
0:112  0:000   The CPU supported turbo
0:112  0:000  MSR 0x35               20004
0:112  0:000   TSC/CCC Information Leaf:
0:112  0:000    numerator     : 200
0:112  0:000    denominator   : 2
0:112  0:000   Calibrated ARTFrequency: 24004403
0:112  0:000  MSR 0xE2 before patch 1E008006
0:112  0:000  MSR 0xE2 is locked, PM patches will be turned on
0:112  0:000  MSR 0xCE              0004043D_F1011800
0:112  0:000  corrected FLEX_RATIO = 0
0:112  0:000  MSR 0x1B0             00000000
0:112  0:000  FSBFrequency = 84 MHz, DMI FSBFrequency = 100 MHz, Corrected FSBFrequency = 100 MHz
0:112  0:000  MaxDiv/MinDiv: 24.0/4
0:112  0:000  Turbo: 27/27/27/28
0:112  0:000  Features: 0xBFEBFBFF
0:112  0:000  Threads: 4
0:112  0:000  Cores: 2
0:112  0:000  FSB: 100 MHz
0:112  0:000  CPU: 2000 MHz
0:112  0:000  TSC: 2000 MHz
0:112  0:000  PIS: 100 MHz
0:112  0:000  ExternalClock: 25 MHz
0:112  0:000  === [ GetDevices ] ========================================
0:112  0:000  PCI (00|00:00.00) : 8086 1904 class=060000
0:112  0:000  PCI (00|00:02.00) : 8086 1916 class=030000
0:112  0:000   - GFX: Model=Intel HD Graphics 520 (Intel)
0:112  0:000  PCI (00|00:14.00) : 8086 9D2F class=0C0330
0:112  0:000  PCI (00|00:16.00) : 8086 9D3A class=078000
0:112  0:000  PCI (00|00:17.00) : 8086 9D03 class=010601
0:112  0:000  PCI (00|00:1C.00) : 8086 9D10 class=060400
0:112  0:000  PCI (00|01:00.00) : 10DE 134B class=030200
0:112  0:000  PCI (00|00:1C.04) : 8086 9D14 class=060400
0:112  0:000  PCI (00|02:00.00) : 8086 24F3 class=028000
0:112  0:000   - WIFI: Vendor=Intel
0:113  0:000  PCI (00|00:1D.00) : 8086 9D18 class=060400
0:113  0:000  PCI (00|03:00.00) : 144D A802 class=010802
0:113  0:000  PCI (00|00:1F.00) : 8086 9D48 class=060100
0:113  0:000  PCI (00|00:1F.02) : 8086 9D21 class=058000
0:113  0:000  PCI (00|00:1F.03) : 8086 9D70 class=040300
0:113  0:000  PCI (00|00:1F.04) : 8086 9D23 class=0C0500
0:113  0:000  === [ GetDefaultSettings ] ================================
0:113  0:000  Clover load options size = 0 bytes
0:114  0:001  EFI\CLOVER\config.plist loaded: Success
0:127  0:013  === [ GetListOfThemes ] ===================================
0:128  0:000  - [00]: BGM
0:129  0:001  - [01]: christmas
0:130  0:000  - [02]: embedded
0:131  0:000  - [02]: metal
0:132  0:001  - [03]: newyear
0:133  0:000  - [04]: random
0:133  0:000  === [ Found config plists ] ===============================
0:133  0:000  - config.plist
0:133  0:000  === [ GetEarlyUserSettings ] ==============================
0:133  0:000  timeout set to 4
0:133  0:000  Custom boot CUSTOM_BOOT_DISABLED (0x0)
0:133  0:000  KextsToPatch: 3 requested
0:133  0:000   - [00]: com.apple.driver.AppleIntelLpssI2C (Prevent Apple I2C kexts from attaching to I2C controllers, credit CoolStar) :: PlistPatch :: data len: 5
0:133  0:000   - [01]: com.apple.driver.AppleIntelLpssI2CController (Prevent Apple I2C kexts from attaching to I2C controllers, credit CoolStar) :: PlistPatch :: data len: 5
0:133  0:000   - [02]: com.apple.iokit.IOAHCIBlockStorage (Enable TRIM for SSD) :: BinPatch :: data len: 11
0:133  0:000  KernelToPatch: 3 requested
0:133  0:000   - [00]: MSR 0xE2 _xcpm_idle instant reboot(c) Pike R. Alpha :: data len: 8
0:133  0:000   - [01]: Disable panic kext logging on 10.13 release kernel (credit vit9696) :: MatchOS: 10.13.x :: data len: 6
0:133  0:000   - [02]: Disable panic kext logging on 10.14 release kernel (credit vit9696) :: MatchOS: 10.14.x :: data len: 6
0:133  0:000  Default theme: embedded
0:133  0:000  Hiding entries with string Preboot
0:133  0:000  Hiding entries with string Recovery
0:133  0:000  === [ LoadDrivers ] =======================================
0:133  0:000  Loading AppleKeyFeeder-64.efi  status=Success
0:135  0:001  Loading DataHubDxe-64.efi  status=Success
0:137  0:001  Loading FSInject-64.efi  status=Success
0:139  0:002  Loading ApfsDriverLoader-64.efi  status=Success
0:141  0:001   - driver needs connecting
0:141  0:000  Loading AppleUISupport-64.efi  status=Success
0:144  0:002  Loading AppleImageLoader-64.efi  status=Success
0:145  0:001  Loading AptioInputFix-64.efi  status=Success
0:157  0:011  Loading AptioMemoryFix-64.efi  status=Success
0:159  0:001  Loading VirtualSmc.efi  status=Success
0:162  0:002  Loading HFSPlus.efi  status=Success
0:164  0:002   - driver needs connecting
0:164  0:000  2 drivers needs connecting ...
0:164  0:000  PlatformDriverOverrideProtocol->GetDriver overriden
0:164  0:000  HFS+ driver loaded
0:164  0:000  APFS driver loaded
0:164  0:000  Searching for invalid DiskIo BY_DRIVER connects: not found, all ok
1:055  0:891  === [ InitScreen ] ========================================
1:055  0:000  SetScreenResolution: 1920x1080 - already set
1:055  0:000  Console modes reported: 7, available modes:
1:055  0:000   - [01]: 80x25
1:055  0:000   - [02]: 80x50
1:055  0:000   - [03]: 80x25
1:055  0:000   - [04]: 240x56 (current mode)
1:055  0:000   - [05]: 100x31
1:055  0:000   - [06]: 128x40
1:055  0:000   - [07]: 160x53
1:056  0:000  SetScreenResolution: 1920x1080 - already set
1:056  0:000  reinit: self device path=PciRoot(0x0)\Pci(0x17,0x0)\Sata(0x0,0x0,0x0)\HD(1,GPT,1FA128EF-67F5-41BB-AC8A-181B7D5C2827,0x28,0x64000)
1:056  0:000  === [ GetMacAddress ] =====================================
1:056  0:000   get legacy LAN MAC, 0 card found
1:056  0:000  === [ ScanSPD ] ===========================================
1:056  0:000  SMBus device : 8086 9D23 class=0C0500 status=Success
1:056  0:000  SMBus CmdReg: 0x3
1:056  0:000  Scanning SMBus [8086:9D23], mmio: 0xA422C004, ioport: 0x5040, hostc: 0x1
1:056  0:000  Slots to scan [8]...
1:057  0:001  === [ GetAcpiTablesList ] =================================
1:080  0:022  Get Acpi Tables List from RSDT:
1:080  0:000   - [00]: FACP  SKL-ULT len=244
1:080  0:000   - [01]: TCPA  SKL-ULT len=50
1:080  0:000   - [02]: UEFI  SKL-ULT len=566
1:080  0:000   - [03]: UEFI  SKL-ULT len=66
1:080  0:000   - [04]: SSDT  SKL-ULT len=1207
1:080  0:000   - [05]: SSDT  SKL-ULT len=75
1:080  0:000   - [06]: TPM2  SKL-ULT len=52
1:080  0:000   - [07]: MSDM  SKL-ULT len=85
1:080  0:000   - [08]: SSDT  SKL-ULT len=20528
1:080  0:000   - [09]: DBGP  SKL-ULT len=52
1:080  0:000   - [10]: DBG2  SKL-ULT len=84
1:080  0:000   - [11]: ASF!  SKL-ULT len=165
1:080  0:000   - [12]: ASPT  SKL-ULT len=52
1:080  0:000   - [13]: BOOT  SKL-ULT len=40
1:080  0:000   - [14]: DBGP  SKL-ULT len=52
1:080  0:000   - [15]: HPET  SKL-ULT len=56
1:080  0:000   - [16]: LPIT  SKL-ULT len=148
1:080  0:000   - [17]: APIC  SKL-ULT len=188
1:080  0:000   - [18]: MCFG  SKL-ULT len=60
1:080  0:000   - [19]: SSDT  SKL-ULT len=521
1:080  0:000   - [20]: SSDT  SKL-ULT len=3787
1:080  0:000   - [21]: SSDT  SKL-ULT len=410
1:080  0:000   - [22]: SSDT  SKL-ULT len=3699
1:080  0:000   - [23]: SSDT  SKL-ULT len=14363
1:080  0:000   - [24]: DMAR  SKL-ULT len=168
1:080  0:000   - [25]: FPDT  SKL-ULT len=68
1:080  0:000   - [26]: BGRT  SKL-ULT len=56
1:080  0:000  Calibrated TSC Frequency = 2400440380 = 2400MHz
1:080  0:000  === [ GetUserSettings ] ===================================
1:080  0:000  Add 10 devices:
1:080  0:000  USB FixOwnership: yes
1:080  0:000  Dropping 1 tables:
1:080  0:000   - [00]: Drop table  signature="DMAR" (52414D44)
1:080  0:000           - set table: 52414D44,                0 to drop: yes
1:080  0:000   - final DSDT Fix mask=10840009
1:080  0:000  PatchesDSDT: 14 requested
1:080  0:000   - [00]: (change OSIN to XSIN (SSDT-XOSI.dsl)) lenToFind: 4, lenToReplace: 4, Target Bridge: <null string>
1:080  0:000   - [01]: (change _OSI to XOSI (SSDT-XOSI.dsl)) lenToFind: 4, lenToReplace: 4, Target Bridge: <null string>
1:080  0:000   - [02]: (change _DSM to XDSM) lenToFind: 4, lenToReplace: 4, Target Bridge: <null string>
1:080  0:000   - [03]: (change HDAS to HDEF) lenToFind: 4, lenToReplace: 4, Target Bridge: <null string>
1:080  0:000   - [04]: (change HECI to IMEI) lenToFind: 4, lenToReplace: 4, Target Bridge: <null string>
1:080  0:000   - [05]: (remove ^^^GFX0.GLID (KLID)) lenToFind: 19, lenToReplace: 19, Target Bridge: <null string>
1:080  0:000   - [06]: (change GFX0 to IGPU) lenToFind: 4, lenToReplace: 4, Target Bridge: <null string>
1:080  0:000   - [07]: (change SAT0 to SATA (SSDT-SMBUS.dsl)) lenToFind: 4, lenToReplace: 4, Target Bridge: <null string>
1:080  0:000   - [08]: (change Method(_PTS,1,N) to ZPTS (SSDT-PTSWAK.dsl)) lenToFind: 5, lenToReplace: 5, Target Bridge: <null string>
1:080  0:000   - [09]: (change Method(_WAK,1,S) to ZWAK (SSDT-PTSWAK.dsl)) lenToFind: 5, lenToReplace: 5, Target Bridge: <null string>
1:080  0:000   - [10]: (change Method(GPRW,2,N) to XPRW (SSDT-GPRW.dsl)) lenToFind: 5, lenToReplace: 5, Target Bridge: <null string>
1:080  0:000   - [11]: (change _Q1C to ZQ1C (brightness hotkey) (SSDT-BKEY.dsl)) lenToFind: 4, lenToReplace: 4, Target Bridge: <null string>
1:080  0:000   - [12]: (change _Q1D to ZQ1D (brightness hotkey) (SSDT-BKEY.dsl)) lenToFind: 4, lenToReplace: 4, Target Bridge: <null string>
1:080  0:000   - [13]: (change MATH._STA and LDR2._STA to XSTA) lenToFind: 9, lenToReplace: 9, Target Bridge: <null string>
1:080  0:000    patch disabled at config
1:080  0:000  Using ProductName from config: MacBookPro13,1
1:080  0:000  Using latest BiosVersion from clover
1:080  0:000  BiosVersion: MBP131.88Z.F000.B00.1809171523
1:080  0:000  BiosReleaseDate: 09/17/2018
1:080  0:000  Using FirmwareFeatures from config: 0xFC0FE136
1:080  0:000  Using FirmwareFeaturesMask from config: 0xFF1FFF3F
1:080  0:000  Board-ID set from config as Mac-473D31EABEB93F9B
1:080  0:000  BoardType: 0xA
1:080  0:000  ChassisType: 0x9
1:081  0:000  === [ Found DSDT tables ] =================================
1:081  0:000  - DSDT.aml
1:082  0:000  === [ ScanVolumes ] =======================================
1:082  0:000  Found 13 volumes with blockIO
1:082  0:000  - [00]: Volume: PciRoot(0x0)\Pci(0x17,0x0)\Sata(0x0,0x0,0x0)
1:082  0:000  - [01]: Volume: PciRoot(0x0)\Pci(0x17,0x0)\Sata(0x0,0x0,0x0)\HD(1,GPT,1FA128EF-67F5-41BB-AC8A-181B7D5C2827,0x28,0x64000)
1:082  0:000          Result of bootcode detection: bootable unknown (legacy)
1:082  0:000          This is SelfVolume !!
1:082  0:000  - [02]: Volume: PciRoot(0x0)\Pci(0x17,0x0)\Sata(0x0,0x0,0x0)\HD(2,GPT,55FF1A1B-F6DA-4E40-8D92-120AE769C7DA,0x64028,0x3A321FE0)
1:082  0:000          Result of bootcode detection: bootable unknown (legacy)
1:082  0:000  - [03]: Volume: PciRoot(0x0)\Pci(0x1D,0x0)\Pci(0x0,0x0)\NVMe(0x1,00-00-00-00-00-00-00-00)
1:083  0:000  - [04]: Volume: PciRoot(0x0)\Pci(0x1D,0x0)\Pci(0x0,0x0)\NVMe(0x1,00-00-00-00-00-00-00-00)\HD(1,GPT,645A7A44-BC1B-4C1E-96C8-ED4A504891D4,0x800,0x32000)
1:083  0:000          Result of bootcode detection: bootable Windows (vista,win)
1:083  0:000  - [05]: Volume: PciRoot(0x0)\Pci(0x1D,0x0)\Pci(0x0,0x0)\NVMe(0x1,00-00-00-00-00-00-00-00)\HD(2,GPT,F1268CDB-64F8-4883-925C-6A2FAF463829,0x32800,0x8000)
1:083  0:000  - [06]: Volume: PciRoot(0x0)\Pci(0x1D,0x0)\Pci(0x0,0x0)\NVMe(0x1,00-00-00-00-00-00-00-00)\HD(3,GPT,4AA93E83-F49C-4753-9FB2-71F702DA6EA6,0x3A800,0x1D983D83)
1:083  0:000          Result of bootcode detection: bootable Windows (vista,win)
1:083  0:000  - [07]: Volume: PciRoot(0x0)\Pci(0x1D,0x0)\Pci(0x0,0x0)\NVMe(0x1,00-00-00-00-00-00-00-00)\HD(4,GPT,5F554074-F3C0-42F4-9DAD-45D42EF4A924,0x1D9BE800,0x1A1000)
1:083  0:000          Result of bootcode detection: bootable Windows (vista,win)
1:083  0:000  - [08]: Volume: PciRoot(0x0)\Pci(0x1D,0x0)\Pci(0x0,0x0)\NVMe(0x1,00-00-00-00-00-00-00-00)\HD(5,GPT,4466ACD7-7E42-4860-8D94-B8F4FA8BC29D,0x1DB60000,0x190000)
1:083  0:000          Result of bootcode detection: bootable Windows (vista,win)
1:083  0:000  - [09]: Volume: PciRoot(0x0)\Pci(0x17,0x0)\Sata(0x0,0x0,0x0)\HD(2,GPT,55FF1A1B-F6DA-4E40-8D92-120AE769C7DA,0x64028,0x3A321FE0)\VenMedia(BE74FCF7-0B7C-49F3-9147-01F4042E6842,74BE1E6B209A274F9148BD1C30F5B927)
1:084  0:000          hiding this volume
1:084  0:000  - [10]: Volume: PciRoot(0x0)\Pci(0x17,0x0)\Sata(0x0,0x0,0x0)\HD(2,GPT,55FF1A1B-F6DA-4E40-8D92-120AE769C7DA,0x64028,0x3A321FE0)\VenMedia(BE74FCF7-0B7C-49F3-9147-01F4042E6842,1FE95B52D8EBBD3C9774952E4F6FC515)
1:084  0:000  - [11]: Volume: PciRoot(0x0)\Pci(0x17,0x0)\Sata(0x0,0x0,0x0)\HD(2,GPT,55FF1A1B-F6DA-4E40-8D92-120AE769C7DA,0x64028,0x3A321FE0)\VenMedia(BE74FCF7-0B7C-49F3-9147-01F4042E6842,1352862C89309F4FB5AFFB09BF15B798)
1:084  0:000          hiding this volume
1:084  0:000  - [12]: Volume: PciRoot(0x0)\Pci(0x17,0x0)\Sata(0x0,0x0,0x0)\HD(2,GPT,55FF1A1B-F6DA-4E40-8D92-120AE769C7DA,0x64028,0x3A321FE0)\VenMedia(BE74FCF7-0B7C-49F3-9147-01F4042E6842,802F049276E7694FABC4E51AE020B658)
1:084  0:000  === [ InitTheme ] =========================================
1:084  0:000   using embedded theme
1:084  0:000  Using embedded font: Success
1:085  0:000  Chosen embedded theme
1:085  0:000  after NVRAM boot-args=igfxrst=1 dart=0 -cdfon -v
1:085  0:000  === [ Dump SMC keys from NVRAM ] ==========================
1:085  0:000  found AppleSMC protocol
1:113  0:028  === [ ScanLoader ] ========================================
1:113  0:000  - [01]: 'EFI'
1:114  0:001          AddLoaderEntry for Volume Name=EFI
1:114  0:000          skipped because entry is hidden
1:114  0:000  - [04]: 'ESP'
1:116  0:001          AddLoaderEntry for Volume Name=ESP
1:119  0:002          AddLoaderEntry for Volume Name=ESP
1:119  0:000          skipped because entry is hidden
1:119  0:000  - [09]: 'Preboot', hidden
1:119  0:000  - [10]: 'Machintosh HD'
1:127  0:007          AddLoaderEntry for Volume Name=Machintosh HD
1:128  0:001      Check if volume Is Hibernated:
1:128  0:000      Check sleep image 'by signature':
1:133  0:005      read prefs \Library\Preferences\com.apple.PowerManagement.plist status=Success
1:133  0:000      using default sleep image name = \private\var\vm\sleepimage
1:136  0:002      sleepimage not found -> Not Found
1:136  0:000      hibernated: no - sign
1:138  0:001  - [11]: 'Recovery', hidden
1:138  0:000  - [12]: 'VM'
1:139  0:000  === [ AddCustomTool ] =====================================
1:139  0:000  found tool \EFI\CLOVER\tools\Shell64U.efi
1:139  0:000  Checking EFI partition Volume 1 for Clover
1:139  0:000   Found Clover
1:140  0:000  === [ GetEfiBootDeviceFromNvram ] =========================
1:140  0:000   - efi-boot-device-data: PciRoot(0x0)\Pci(0x17,0x0)\Sata(0x0,0x0,0x0)\HD(2,GPT,55FF1A1B-F6DA-4E40-8D92-120AE769C7DA,0x64028,0x3A321FE0)\VenMedia(BE74FCF7-0B7C-49F3-9147-01F4042E6842,1FE95B52D8EBBD3C9774952E4F6FC515)
1:140  0:000    - Volume: 'PciRoot(0x0)\Pci(0x17,0x0)\Sata(0x0,0x0,0x0)\HD(2,GPT,55FF1A1B-F6DA-4E40-8D92-120AE769C7DA,0x64028,0x3A321FE0)\VenMedia(BE74FCF7-0B7C-49F3-9147-01F4042E6842,1FE95B52D8EBBD3C9774952E4F6FC515)'
1:140  0:000    - LoaderPath: '<null string>'
1:140  0:000    - Guid = 55FF1A1B-F6DA-4E40-8D92-120AE769C7DA
1:140  0:000  === [ FindStartupDiskVolume ] =============================
1:140  0:000    - Volume: partition = PciRoot(0x0)\Pci(0x17,0x0)\Sata(0x0,0x0,0x0)\HD(2,GPT,55FF1A1B-F6DA-4E40-8D92-120AE769C7DA,0x64028,0x3A321FE0)\VenMedia(BE74FCF7-0B7C-49F3-9147-01F4042E6842,1FE95B52D8EBBD3C9774952E4F6FC515)
1:140  0:000     - searching for that partition
1:140  0:000      - found entry 1. 'Boot macOS from Machintosh HD', Volume 'Machintosh HD'
1:140  0:000  Boot redirected to Entry 1. 'Boot macOS from Machintosh HD'
1:140  0:000  DefaultIndex=1 and MainMenu.EntryCount=8
1:189  0:048  GUI ready
5:919  4:730  Found UEFI Acpi 2.0 RSDP at 7CEFD014
5:919  0:000  Saving ACPI tables from RSDP 7CEFD014 to EFI\CLOVER\ACPI\origin ...
5:919  0:000   7CEFD014: 'RSD PTR ', Rev: 2 (Acpi 2.0 or newer), Len: 36 -> RSDP.aml
5:963  0:043    (Xsdt: 7CEFD170, Rsdt: 7CEFD0D4)
5:963  0:000    7CEFD170: 'XSDT', 'SKL-ULT', Rev: 1, Len: 252 -> XSDT.aml
5:966  0:003    7CEFD0D4: 'RSDT', 'SKL-ULT', Rev: 1, Len: 144 -> RSDT.aml
5:970  0:003    Tables in Xsdt: 27
5:970  0:000    0. 7CEE9000: 'FACP', 'SKL-ULT', Rev: 5, Len: 244 -> FACP.aml
5:974  0:003        (Dsdt: 7CEC7000, Facs: 7CE68000, XDsdt: 7CEC7000, XFacs: 0)
5:974  0:000        7CEC7000: 'DSDT', 'SKL-ULT', Rev: 2, Len: 117116 -> DSDT.aml
5:980  0:006        7CE68000: 'FACS', Ver: 2, Len: 64 -> FACS.aml
5:984  0:003    1. 7CEFC000: 'TCPA', 'SKL-ULT', Rev: 2, Len: 50 -> TCPA.aml
5:988  0:003    2. 7CEFB000: 'UEFI', 'SKL-ULT', Rev: 1, Len: 566 -> UEFI.aml
5:992  0:004    3. 7CEFA000: 'UEFI', 'SKL-ULT', Rev: 1, Len: 66 -> UEFI.aml
5:998  0:006    4. 7CEF9000: 'SSDT', 'SKL-ULT', Rev: 2, Len: 1207 -> SSDT-0-SKL-ULT.aml
6:006  0:007    5. 7CEF8000: 'SSDT', 'SKL-ULT', Rev: 2, Len: 75 -> SSDT-1-SKL-ULT.aml
6:010  0:003    6. 7CEF7000: 'TPM2', 'SKL-ULT', Rev: 3, Len: 52 -> TPM2.aml
6:014  0:004    7. 7CEF6000: 'MSDM', 'SKL-ULT', Rev: 3, Len: 85 -> MSDM.aml
6:018  0:003    8. 7CEF0000: 'SSDT', 'SKL-ULT', Rev: 2, Len: 20528 -> SSDT-2-SKL-ULT.aml
6:022  0:004    9. 7CEEF000: 'DBGP', 'SKL-ULT', Rev: 1, Len: 52 -> DBGP.aml
6:026  0:003    10. 7CEEE000: 'DBG2', 'SKL-ULT', Rev: 0, Len: 84 -> DBG2.aml
6:030  0:004    11. 7CEED000: 'ASF!', 'SKL-ULT', Rev: 32, Len: 165 -> ASF!.aml
6:034  0:004    12. 7CEEC000: 'ASPT', 'SKL-ULT', Rev: 7, Len: 52 -> ASPT.aml
6:038  0:003    13. 7CEEB000: 'BOOT', 'SKL-ULT', Rev: 1, Len: 40 -> BOOT.aml
6:042  0:004    14. 7CEEA000: 'DBGP', 'SKL-ULT', Rev: 1, Len: 52 -> DBGP.aml
6:049  0:006    15. 7CEE8000: 'HPET', 'SKL-ULT', Rev: 1, Len: 56 -> HPET.aml
6:053  0:004    16. 7CEE7000: 'LPIT', 'SKL-ULT', Rev: 1, Len: 148 -> LPIT.aml
6:058  0:005    17. 7CEE6000: 'APIC', 'SKL-ULT', Rev: 3, Len: 188 -> APIC.aml
6:062  0:003    18. 7CEE5000: 'MCFG', 'SKL-ULT', Rev: 1, Len: 60 -> MCFG.aml
6:066  0:004    19. 7CEC6000: 'SSDT', 'SKL-ULT', Rev: 1, Len: 521 -> SSDT-3-SKL-ULT.aml
6:070  0:003    20. 7CEC5000: 'SSDT', 'SKL-ULT', Rev: 2, Len: 3787 -> SSDT-4-SKL-ULT.aml
6:075  0:004    21. 7CEC4000: 'SSDT', 'SKL-ULT', Rev: 2, Len: 410 -> SSDT-5-SKL-ULT.aml
6:078  0:003    22. 7CEC3000: 'SSDT', 'SKL-ULT', Rev: 2, Len: 3699 -> SSDT-6-SKL-ULT.aml (Found hidden SSDT 7 pcs)
6:082  0:004        * 7BAA6698: 'SSDT', 'Cpu0Ist', Rev: 2, Len: 1566  53 53 44 54 1E 06 00 00 02 16 50 6D 52 65 66 00 Internal length = 1566 -> SSDT-x6_0-Cpu0Ist.aml
6:089  0:006        * 7BAA5618: 'SSDT', 'ApIst', Rev: 2, Len: 1450  53 53 44 54 AA 05 00 00 02 DD 50 6D 52 65 66 00 Internal length = 1450 -> SSDT-x6_1-ApIst.aml
6:093  0:004        * 7BAA5C18: 'SSDT', 'Cpu0Cst', Rev: 2, Len: 895  53 53 44 54 7F 03 00 00 02 74 50 6D 52 65 66 00 Internal length = 895 -> SSDT-x6_2-Cpu0Cst.aml
6:096  0:003        * 7BAA4D98: 'SSDT', 'ApCst', Rev: 2, Len: 281  53 53 44 54 19 01 00 00 02 F9 50 6D 52 65 66 00 Internal length = 281 -> SSDT-x6_3-ApCst.aml
6:101  0:004        * 6BF3C018: 'SSDT', 'Cpu0Hwp', Rev: 2, Len: 142  53 53 44 54 8E 00 00 00 02 3A 50 6D 52 65 66 00 Internal length = 142 -> SSDT-x6_4-Cpu0Hwp.aml
6:105  0:003        * 6BFBF018: 'SSDT', 'ApHwp', Rev: 2, Len: 281  53 53 44 54 19 01 00 00 02 0C 50 6D 52 65 66 00 Internal length = 281 -> SSDT-x6_5-ApHwp.aml
6:110  0:005        * 6BF27D98: 'SSDT', 'HwpLvt', Rev: 2, Len: 304  53 53 44 54 30 01 00 00 02 94 50 6D 52 65 66 00 Internal length = 304 -> SSDT-x6_6-HwpLvt.aml
6:115  0:004  
6:115  0:000    23. 7CEBF000: 'SSDT', 'SKL-ULT', Rev: 1, Len: 14363 -> SSDT-7-SKL-ULT.aml
6:119  0:004    24. 7CEBE000: 'DMAR', 'SKL-ULT', Rev: 1, Len: 168 -> DMAR.aml
6:124  0:004    25. 7CEE4000: 'FPDT', 'SKL-ULT', Rev: 1, Len: 68 -> FPDT.aml
6:127  0:003    26. 7CEBD000: 'BGRT', 'SKL-ULT', Rev: 1, Len: 56 -> BGRT.aml
6:132  0:004    Tables in Rsdt: 27
6:132  0:000    0. 7CEE9000: 'FACP', 'SKL-ULT', Rev: 5, Len: 244
6:132  0:000        (Dsdt: 7CEC7000, Facs: 7CE68000, XDsdt: 7CEC7000, XFacs: 0)
6:132  0:000        7CEC7000: 'DSDT', 'SKL-ULT', Rev: 2, Len: 117116
6:133  0:001        7CE68000: 'FACS', Ver: 2, Len: 64
6:133  0:000    1. 7CEFC000: 'TCPA', 'SKL-ULT', Rev: 2, Len: 50
6:133  0:000    2. 7CEFB000: 'UEFI', 'SKL-ULT', Rev: 1, Len: 566
6:133  0:000    3. 7CEFA000: 'UEFI', 'SKL-ULT', Rev: 1, Len: 66
6:133  0:000    4. 7CEF9000: 'SSDT', 'SKL-ULT', Rev: 2, Len: 1207
6:133  0:000    5. 7CEF8000: 'SSDT', 'SKL-ULT', Rev: 2, Len: 75
6:133  0:000    6. 7CEF7000: 'TPM2', 'SKL-ULT', Rev: 3, Len: 52
6:133  0:000    7. 7CEF6000: 'MSDM', 'SKL-ULT', Rev: 3, Len: 85
6:133  0:000    8. 7CEF0000: 'SSDT', 'SKL-ULT', Rev: 2, Len: 20528
6:133  0:000    9. 7CEEF000: 'DBGP', 'SKL-ULT', Rev: 1, Len: 52
6:133  0:000    10. 7CEEE000: 'DBG2', 'SKL-ULT', Rev: 0, Len: 84
6:133  0:000    11. 7CEED000: 'ASF!', 'SKL-ULT', Rev: 32, Len: 165
6:133  0:000    12. 7CEEC000: 'ASPT', 'SKL-ULT', Rev: 7, Len: 52
6:133  0:000    13. 7CEEB000: 'BOOT', 'SKL-ULT', Rev: 1, Len: 40
6:133  0:000    14. 7CEEA000: 'DBGP', 'SKL-ULT', Rev: 1, Len: 52
6:133  0:000    15. 7CEE8000: 'HPET', 'SKL-ULT', Rev: 1, Len: 56
6:133  0:000    16. 7CEE7000: 'LPIT', 'SKL-ULT', Rev: 1, Len: 148
6:133  0:000    17. 7CEE6000: 'APIC', 'SKL-ULT', Rev: 3, Len: 188
6:133  0:000    18. 7CEE5000: 'MCFG', 'SKL-ULT', Rev: 1, Len: 60
6:133  0:000    19. 7CEC6000: 'SSDT', 'SKL-ULT', Rev: 1, Len: 521
6:133  0:000    20. 7CEC5000: 'SSDT', 'SKL-ULT', Rev: 2, Len: 3787
6:133  0:000    21. 7CEC4000: 'SSDT', 'SKL-ULT', Rev: 2, Len: 410
6:133  0:000    22. 7CEC3000: 'SSDT', 'SKL-ULT', Rev: 2, Len: 3699
6:133  0:000    23. 7CEBF000: 'SSDT', 'SKL-ULT', Rev: 1, Len: 14363
6:133  0:000    24. 7CEBE000: 'DMAR', 'SKL-ULT', Rev: 1, Len: 168
6:133  0:000    25. 7CEE4000: 'FPDT', 'SKL-ULT', Rev: 1, Len: 68
6:133  0:000    26. 7CEBD000: 'BGRT', 'SKL-ULT', Rev: 1, Len: 56
15:775  9:641  Boot option Boot0000 not found
15:775  0:000  === [ StartLoader ] =======================================
15:775  0:000  Finally: ExternalClock=26MHz BusSpeed=100019kHz CPUFreq=2400MHz PIS: hw.busfrequency=104000000Hz
15:775  0:000  Loading boot.efi  status=Success
15:823  0:047  GetOSVersion: 10.14.2 (18C54)
15:823  0:000  CSR_CFG: CSR_ALLOW_UNTRUSTED_KEXTS | CSR_ALLOW_UNRESTRICTED_FS | CSR_ALLOW_TASK_FOR_PID | CSR_ALLOW_UNRESTRICTED_DTRACE | CSR_ALLOW_UNRESTRICTED_NVRAM
15:823  0:000  Filtering KextPatches:
15:823  0:000   - [00]: com.apple.driver.AppleIntelLpssI2C (Prevent Apple I2C kexts from attaching to I2C controllers, credit CoolStar) :: PlistPatch :: [OS: 10.14.2 | MatchOS: All | MatchBuild: All] ==> allowed
15:823  0:000   - [01]: com.apple.driver.AppleIntelLpssI2CController (Prevent Apple I2C kexts from attaching to I2C controllers, credit CoolStar) :: PlistPatch :: [OS: 10.14.2 | MatchOS: All | MatchBuild: All] ==> allowed
15:823  0:000   - [02]: com.apple.iokit.IOAHCIBlockStorage (Enable TRIM for SSD) :: BinPatch :: [OS: 10.14.2 | MatchOS: All | MatchBuild: All] ==> allowed
15:823  0:000  Filtering KernelPatches:
15:823  0:000   - [00]: MSR 0xE2 _xcpm_idle instant reboot(c) Pike R. Alpha :: [OS: 10.14.2 | MatchOS: All | MatchBuild: no] ==> allowed by OS
15:823  0:000   - [01]: Disable panic kext logging on 10.13 release kernel (credit vit9696) :: [OS: 10.14.2 | MatchOS: 10.13.x | MatchBuild: no] ==> not allowed by OS
15:823  0:000   - [02]: Disable panic kext logging on 10.14 release kernel (credit vit9696) :: [OS: 10.14.2 | MatchOS: 10.14.x | MatchBuild: no] ==> allowed by OS
15:823  0:000  Will not patch boot.efi
15:823  0:000  === [ PatchSmbios ] =======================================
15:823  0:000  insert table 9 for dev 0:0
15:823  0:000  Trusting SMBIOS...
15:823  0:000  Channels: 1
15:823  0:000  Interleave: 0 1 2 3 4 5 6 7 8 9 10 11 12 13 14 15 16 17 18 19 20 21 22 23
15:823  0:000   partNum=M471A1K43BB0-CPB    
15:823  0:000  SMBIOS Type 17 Index = 0 => 0 0:
15:823  0:000  BANK 0 DIMM0 2133MHz 8192MB
15:823  0:000  SMBIOS Type 17 Index = 1 => 1 1:
15:823  0:000  BANK 0 DIMM1 EMPTY
15:823  0:000  mTotalSystemMemory = 8192
15:823  0:000  NumberOfMemoryDevices = 2
15:823  0:000  Type20[0]->End = 0x7FFFFF, Type17[0] = 0x2000
15:823  0:000  === [ PatchACPI ] =========================================
15:823  0:000  Xsdt reallocation done
15:823  0:000  old FADT length=F4
15:823  0:000   SignatureFixup: 0xFBA69D6A -> 0x0
15:823  0:000  Found OperationRegion(GNVS, SystemMemory, 7CE62698, ...)
15:823  0:000  Found OperationRegion(OGNS, SystemMemory, 7CE63F18, ...)
15:823  0:000  Found OperationRegion(PNVA, SystemMemory, 7CE67C98, ...)
15:824  0:000  Found OperationRegion(THBA, SystemMemory, FE200000, ...)
15:825  0:000  Found OperationRegion(ITSS, SystemMemory, FDC43100, ...)
15:825  0:000  Found OperationRegion(MDBG, SystemMemory, 7CE4B018, ...)
15:825  0:000  Found OperationRegion(CNVS, SystemMemory, 7CE7D018, ...)
15:825  0:000  Found OperationRegion(ECMB, SystemMemory, FE802000, ...)
15:825  0:000  Found OperationRegion(CFG1, SystemMemory, E00A0000, ...)
15:825  0:000  DSDT found in Clover volume OEM folder: EFI\CLOVER\ACPI\patched\DSDT.aml
15:826  0:000  Apply DsdtFixMask=0x10840009
15:826  0:000     drop _DSM mask=0x0000
15:826  0:000  === [ FixBiosDsdt ] =======================================
15:826  0:000  VideoCard devID=0x19168086
15:826  0:000  DisplayADR1[0] = 0x20000, DisplayADR2[0] = 0xFFFE
15:826  0:000  USBADR[0] = 0x140000 and PCIe = 0xFFFE
15:826  0:000  Patching DSDT:
15:826  0:000   - [change OSIN to XSIN (SSDT-XOSI.dsl)]: pattern 4F53494E, patched at: [ (E31A) (AB4A) (CF) ]
15:826  0:000   - [change _OSI to XOSI (SSDT-XOSI.dsl)]: pattern 5F4F5349, patched at: [ (E1EF) (3) (11) (18) (1C) (1C) (1A) (18) (18) (18) (18) (226E) ]
15:827  0:000   - [change _DSM to XDSM]: pattern 5F44534D, patched at: [ (2ABC) (13B6) (8B) (52) (C7B) (138) (6) (70A) (4B5) (11) (51) (22) (23) (79) (51) (10D) (379) (379) (379) (379) (379) (379) (379) (379) (379) (379) (379) (379) (379) (379) (379) (379) (379) (379) (379) (28A) (1483) (F1) (F1) (F1) (F1) (F1) (DA) (DA) (E8) (131) (131) (A0C) (14A) (A1) (2F) (7A6) (1721) (55D6) (C42) (B2C) (207) (203) (203) (219) (20F) (210) (210) (4E4) (913) (916) (916) (3ED4) (1AD) (591) ]
15:827  0:000   - [change HDAS to HDEF]: pattern 48444153, patched at: [ (3C2E) (1B07) (96) (D) (A1) (6A) ]
15:827  0:000   - [change HECI to IMEI]: pattern 48454349, patched at: [ (CADE) ]
15:827  0:000   - [remove ^^^GFX0.GLID (KLID)]: pattern 5E5E5E47, bin not found / already patched!
15:827  0:000   - [change GFX0 to IGPU]: pattern 47465830, patched at: [ (148) (12) (12) (12) (12) (12) (28EB) (ABD4) (1D) (3094) (1729) (14) (2B2) (143C) (59B3) (53C) (19) (19) (E9) (1E) ]
15:827  0:000   - [change SAT0 to SATA (SSDT-SMBUS.dsl)]: pattern 53415430, patched at: [ (230) (9E12) (30) (80E0) (1338) (F2) (4BD) (2A) (29) (2E) (2E) (2E) ]
15:827  0:000   - [change Method(_PTS,1,N) to ZPTS (SSDT-PTSWAK.dsl)]: pattern 5F505453, patched at: [ (D463) ]
15:827  0:000   - [change Method(_WAK,1,S) to ZWAK (SSDT-PTSWAK.dsl)]: pattern 5F57414B, patched at: [ (D54B) ]
15:828  0:000   - [change Method(GPRW,2,N) to XPRW (SSDT-GPRW.dsl)]: pattern 47505257, patched at: [ (E756) ]
15:828  0:000   - [change _Q1C to ZQ1C (brightness hotkey) (SSDT-BKEY.dsl)]: pattern 5F513143, patched at: [ (19474) ]
15:828  0:000   - [change _Q1D to ZQ1D (brightness hotkey) (SSDT-BKEY.dsl)]: pattern 5F513144, patched at: [ (19491) ]
15:828  0:000   - [change MATH._STA and LDR2._STA to XSTA]: disabled
15:828  0:000    0 replacements
15:828  0:000  first CPU found at 10260 offset 10263
15:828  0:000  score candidate at 1025C
15:828  0:000  score inserted in acpi_cpu_score _PR_
15:828  0:000  Found ACPI CPU: CPU0 | CPU1 | CPU2 | CPU3 | CPU4 | CPU5 | CPU6 | CPU7 , within the score: _PR_
15:829  0:000  Start TMR Fix
15:830  0:000  Start Add MCHC
15:830  0:000    indirect name=PNVB
15:830  0:000  OperationRegion (THBA...) corrected to addr=0xFE200000
15:830  0:000    indirect name=EMBA
15:830  0:000  Start ADP1 fix
15:830  0:000  NewName ADP1 already present, renaming impossible
15:830  0:000  PreCleanup XSDT: count=27, length=252
15:830  0:000  PreCleanup XSDT, corrected XSDT: count=27, length=252
15:830  0:000  === [ ACPIPatchedAML ] ====================================
15:830  0:000  AutoMerge pass 1
15:830  0:000  Unsorted
15:830  0:000  Inserting SSDT-XOSI.aml from EFI\CLOVER\ACPI\patched: ignore on pass 1
15:830  0:000  Inserting SSDT-USBX.aml from EFI\CLOVER\ACPI\patched: ignore on pass 1
15:830  0:000  Inserting SSDT-SMBUS.aml from EFI\CLOVER\ACPI\patched: ignore on pass 1
15:830  0:000  Inserting SSDT-RMNE.aml from EFI\CLOVER\ACPI\patched: ignore on pass 1
15:830  0:000  Inserting SSDT-RMCF.aml from EFI\CLOVER\ACPI\patched: ignore on pass 1
15:830  0:000  Inserting SSDT-PXSX.aml from EFI\CLOVER\ACPI\patched: ignore on pass 1
15:830  0:000  Inserting SSDT-PTSWAK.aml from EFI\CLOVER\ACPI\patched: ignore on pass 1
15:830  0:000  Inserting SSDT-PNP0C14.aml from EFI\CLOVER\ACPI\patched: ignore on pass 1
15:830  0:000  Inserting SSDT-PNLF.aml from EFI\CLOVER\ACPI\patched: ignore on pass 1
15:830  0:000  Inserting SSDT-PMCR.aml from EFI\CLOVER\ACPI\patched: ignore on pass 1
15:830  0:000  Inserting SSDT-MEM2.aml from EFI\CLOVER\ACPI\patched: ignore on pass 1
15:830  0:000  Inserting SSDT-LPC.aml from EFI\CLOVER\ACPI\patched: ignore on pass 1
15:830  0:000  Inserting SSDT-HPET.aml from EFI\CLOVER\ACPI\patched: ignore on pass 1
15:830  0:000  Inserting SSDT-GPRW.aml from EFI\CLOVER\ACPI\patched: ignore on pass 1
15:830  0:000  Inserting SSDT-EC.aml from EFI\CLOVER\ACPI\patched: ignore on pass 1
15:830  0:000  Inserting SSDT-DMAC.aml from EFI\CLOVER\ACPI\patched: ignore on pass 1
15:830  0:000  Inserting SSDT-DDGPU.aml from EFI\CLOVER\ACPI\patched: ignore on pass 1
15:830  0:000  Inserting SSDT-BKEY.aml from EFI\CLOVER\ACPI\patched: ignore on pass 1
15:830  0:000  === [ ACPIDropTables ] ====================================
15:830  0:000  Drop tables from XSDT, SIGN=DMAR TableID=SKL-ULT Length=168
15:830  0:000   Table[24]: DMAR  SKL-ULT  168 dropped
15:830  0:000  0. [change OSIN to XSIN (SSDT-XOSI.dsl)]: pattern 4F53494E, bin not found / already patched!
15:830  0:000  1. [change _OSI to XOSI (SSDT-XOSI.dsl)]: pattern 5F4F5349, bin not found / already patched!
15:830  0:000  2. [change _DSM to XDSM]: pattern 5F44534D, patched at: [ (419) ]
15:830  0:000  3. [change HDAS to HDEF]: pattern 48444153, bin not found / already patched!
15:830  0:000  4. [change HECI to IMEI]: pattern 48454349, bin not found / already patched!
15:830  0:000  5. [remove ^^^GFX0.GLID (KLID)]: pattern 5E5E5E47, bin not found / already patched!
15:830  0:000  6. [change GFX0 to IGPU]: pattern 47465830, bin not found / already patched!
15:830  0:000  7. [change SAT0 to SATA (SSDT-SMBUS.dsl)]: pattern 53415430, bin not found / already patched!
15:830  0:000  8. [change Method(_PTS,1,N) to ZPTS (SSDT-PTSWAK.dsl)]: pattern 5F505453, bin not found / already patched!
15:830  0:000  9. [change Method(_WAK,1,S) to ZWAK (SSDT-PTSWAK.dsl)]: pattern 5F57414B, bin not found / already patched!
15:830  0:000  10. [change Method(GPRW,2,N) to XPRW (SSDT-GPRW.dsl)]: pattern 47505257, bin not found / already patched!
15:830  0:000  11. [change _Q1C to ZQ1C (brightness hotkey) (SSDT-BKEY.dsl)]: pattern 5F513143, bin not found / already patched!
15:830  0:000  12. [change _Q1D to ZQ1D (brightness hotkey) (SSDT-BKEY.dsl)]: pattern 5F513144, bin not found / already patched!
15:830  0:000  13. [change MATH._STA and LDR2._STA to XSTA]: disabled
15:830  0:000    0 replacements
15:830  0:000  Found OperationRegion(TPMR, SystemMemory, FED40000, ...)
15:830  0:000  Found OperationRegion(FHCI, SystemMemory, FED40000, ...)
15:830  0:000  Found OperationRegion(TNVS, SystemMemory, 7CE64000, ...)
15:830  0:000  0. [change OSIN to XSIN (SSDT-XOSI.dsl)]: pattern 4F53494E, bin not found / already patched!
15:830  0:000  1. [change _OSI to XOSI (SSDT-XOSI.dsl)]: pattern 5F4F5349, bin not found / already patched!
15:830  0:000  2. [change _DSM to XDSM]: pattern 5F44534D, bin not found / already patched!
15:830  0:000  3. [change HDAS to HDEF]: pattern 48444153, bin not found / already patched!
15:830  0:000  4. [change HECI to IMEI]: pattern 48454349, bin not found / already patched!
15:830  0:000  5. [remove ^^^GFX0.GLID (KLID)]: pattern 5E5E5E47, bin not found / already patched!
15:830  0:000  6. [change GFX0 to IGPU]: pattern 47465830, bin not found / already patched!
15:830  0:000  7. [change SAT0 to SATA (SSDT-SMBUS.dsl)]: pattern 53415430, bin not found / already patched!
15:830  0:000  8. [change Method(_PTS,1,N) to ZPTS (SSDT-PTSWAK.dsl)]: pattern 5F505453, bin not found / already patched!
15:830  0:000  9. [change Method(_WAK,1,S) to ZWAK (SSDT-PTSWAK.dsl)]: pattern 5F57414B, bin not found / already patched!
15:830  0:000  10. [change Method(GPRW,2,N) to XPRW (SSDT-GPRW.dsl)]: pattern 47505257, bin not found / already patched!
15:830  0:000  11. [change _Q1C to ZQ1C (brightness hotkey) (SSDT-BKEY.dsl)]: pattern 5F513143, bin not found / already patched!
15:830  0:000  12. [change _Q1D to ZQ1D (brightness hotkey) (SSDT-BKEY.dsl)]: pattern 5F513144, bin not found / already patched!
15:830  0:000  13. [change MATH._STA and LDR2._STA to XSTA]: disabled
15:830  0:000    0 replacements
15:830  0:000  Found OperationRegion(MENV, SystemMemory, 7CE63F98, ...)
15:830  0:000  0. [change OSIN to XSIN (SSDT-XOSI.dsl)]: pattern 4F53494E, bin not found / already patched!
15:830  0:000  1. [change _OSI to XOSI (SSDT-XOSI.dsl)]: pattern 5F4F5349, bin not found / already patched!
15:830  0:000  2. [change _DSM to XDSM]: pattern 5F44534D, patched at: [ (3AF) (25B) (25B) (2B31) ]
15:830  0:000  3. [change HDAS to HDEF]: pattern 48444153, bin not found / already patched!
15:830  0:000  4. [change HECI to IMEI]: pattern 48454349, bin not found / already patched!
15:830  0:000  5. [remove ^^^GFX0.GLID (KLID)]: pattern 5E5E5E47, bin not found / already patched!
15:830  0:000  6. [change GFX0 to IGPU]: pattern 47465830, patched at: [ (A44) (1CB4) (A66) (1D) (716) ]
15:830  0:000  7. [change SAT0 to SATA (SSDT-SMBUS.dsl)]: pattern 53415430, bin not found / already patched!
15:830  0:000  8. [change Method(_PTS,1,N) to ZPTS (SSDT-PTSWAK.dsl)]: pattern 5F505453, bin not found / already patched!
15:830  0:000  9. [change Method(_WAK,1,S) to ZWAK (SSDT-PTSWAK.dsl)]: pattern 5F57414B, bin not found / already patched!
15:830  0:000  10. [change Method(GPRW,2,N) to XPRW (SSDT-GPRW.dsl)]: pattern 47505257, bin not found / already patched!
15:830  0:000  11. [change _Q1C to ZQ1C (brightness hotkey) (SSDT-BKEY.dsl)]: pattern 5F513143, bin not found / already patched!
15:830  0:000  12. [change _Q1D to ZQ1D (brightness hotkey) (SSDT-BKEY.dsl)]: pattern 5F513144, bin not found / already patched!
15:830  0:000  13. [change MATH._STA and LDR2._STA to XSTA]: disabled
15:830  0:000    0 replacements
15:830  0:000  Found OperationRegion(SANV, SystemMemory, 7CE61D98, ...)
15:831  0:000  0. [change OSIN to XSIN (SSDT-XOSI.dsl)]: pattern 4F53494E, bin not found / already patched!
15:831  0:000  1. [change _OSI to XOSI (SSDT-XOSI.dsl)]: pattern 5F4F5349, bin not found / already patched!
15:831  0:000  2. [change _DSM to XDSM]: pattern 5F44534D, patched at: [ (52) ]
15:831  0:000  3. [change HDAS to HDEF]: pattern 48444153, bin not found / already patched!
15:831  0:000  4. [change HECI to IMEI]: pattern 48454349, bin not found / already patched!
15:831  0:000  5. [remove ^^^GFX0.GLID (KLID)]: pattern 5E5E5E47, bin not found / already patched!
15:831  0:000  6. [change GFX0 to IGPU]: pattern 47465830, bin not found / already patched!
15:831  0:000  7. [change SAT0 to SATA (SSDT-SMBUS.dsl)]: pattern 53415430, bin not found / already patched!
15:831  0:000  8. [change Method(_PTS,1,N) to ZPTS (SSDT-PTSWAK.dsl)]: pattern 5F505453, bin not found / already patched!
15:831  0:000  9. [change Method(_WAK,1,S) to ZWAK (SSDT-PTSWAK.dsl)]: pattern 5F57414B, bin not found / already patched!
15:831  0:000  10. [change Method(GPRW,2,N) to XPRW (SSDT-GPRW.dsl)]: pattern 47505257, bin not found / already patched!
15:831  0:000  11. [change _Q1C to ZQ1C (brightness hotkey) (SSDT-BKEY.dsl)]: pattern 5F513143, bin not found / already patched!
15:831  0:000  12. [change _Q1D to ZQ1D (brightness hotkey) (SSDT-BKEY.dsl)]: pattern 5F513144, bin not found / already patched!
15:831  0:000  13. [change MATH._STA and LDR2._STA to XSTA]: disabled
15:831  0:000    0 replacements
15:831  0:000  0. [change OSIN to XSIN (SSDT-XOSI.dsl)]: pattern 4F53494E, bin not found / already patched!
15:831  0:000  1. [change _OSI to XOSI (SSDT-XOSI.dsl)]: pattern 5F4F5349, bin not found / already patched!
15:831  0:000  2. [change _DSM to XDSM]: pattern 5F44534D, bin not found / already patched!
15:831  0:000  3. [change HDAS to HDEF]: pattern 48444153, bin not found / already patched!
15:831  0:000  4. [change HECI to IMEI]: pattern 48454349, bin not found / already patched!
15:831  0:000  5. [remove ^^^GFX0.GLID (KLID)]: pattern 5E5E5E47, bin not found / already patched!
15:831  0:000  6. [change GFX0 to IGPU]: pattern 47465830, bin not found / already patched!
15:831  0:000  7. [change SAT0 to SATA (SSDT-SMBUS.dsl)]: pattern 53415430, bin not found / already patched!
15:831  0:000  8. [change Method(_PTS,1,N) to ZPTS (SSDT-PTSWAK.dsl)]: pattern 5F505453, bin not found / already patched!
15:831  0:000  9. [change Method(_WAK,1,S) to ZWAK (SSDT-PTSWAK.dsl)]: pattern 5F57414B, bin not found / already patched!
15:831  0:000  10. [change Method(GPRW,2,N) to XPRW (SSDT-GPRW.dsl)]: pattern 47505257, bin not found / already patched!
15:831  0:000  11. [change _Q1C to ZQ1C (brightness hotkey) (SSDT-BKEY.dsl)]: pattern 5F513143, bin not found / already patched!
15:831  0:000  12. [change _Q1D to ZQ1D (brightness hotkey) (SSDT-BKEY.dsl)]: pattern 5F513144, bin not found / already patched!
15:831  0:000  13. [change MATH._STA and LDR2._STA to XSTA]: disabled
15:831  0:000    0 replacements
15:831  0:000  0. [change OSIN to XSIN (SSDT-XOSI.dsl)]: pattern 4F53494E, bin not found / already patched!
15:831  0:000  1. [change _OSI to XOSI (SSDT-XOSI.dsl)]: pattern 5F4F5349, bin not found / already patched!
15:831  0:000  2. [change _DSM to XDSM]: pattern 5F44534D, bin not found / already patched!
15:831  0:000  3. [change HDAS to HDEF]: pattern 48444153, bin not found / already patched!
15:831  0:000  4. [change HECI to IMEI]: pattern 48454349, bin not found / already patched!
15:831  0:000  5. [remove ^^^GFX0.GLID (KLID)]: pattern 5E5E5E47, bin not found / already patched!
15:831  0:000  6. [change GFX0 to IGPU]: pattern 47465830, bin not found / already patched!
15:831  0:000  7. [change SAT0 to SATA (SSDT-SMBUS.dsl)]: pattern 53415430, patched at: [ (1E) ]
15:831  0:000  8. [change Method(_PTS,1,N) to ZPTS (SSDT-PTSWAK.dsl)]: pattern 5F505453, bin not found / already patched!
15:831  0:000  9. [change Method(_WAK,1,S) to ZWAK (SSDT-PTSWAK.dsl)]: pattern 5F57414B, bin not found / already patched!
15:831  0:000  10. [change Method(GPRW,2,N) to XPRW (SSDT-GPRW.dsl)]: pattern 47505257, bin not found / already patched!
15:831  0:000  11. [change _Q1C to ZQ1C (brightness hotkey) (SSDT-BKEY.dsl)]: pattern 5F513143, bin not found / already patched!
15:831  0:000  12. [change _Q1D to ZQ1D (brightness hotkey) (SSDT-BKEY.dsl)]: pattern 5F513144, bin not found / already patched!
15:831  0:000  13. [change MATH._STA and LDR2._STA to XSTA]: disabled
15:831  0:000    0 replacements
15:831  0:000  0. [change OSIN to XSIN (SSDT-XOSI.dsl)]: pattern 4F53494E, bin not found / already patched!
15:831  0:000  1. [change _OSI to XOSI (SSDT-XOSI.dsl)]: pattern 5F4F5349, bin not found / already patched!
15:831  0:000  2. [change _DSM to XDSM]: pattern 5F44534D, bin not found / already patched!
15:831  0:000  3. [change HDAS to HDEF]: pattern 48444153, bin not found / already patched!
15:831  0:000  4. [change HECI to IMEI]: pattern 48454349, bin not found / already patched!
15:831  0:000  5. [remove ^^^GFX0.GLID (KLID)]: pattern 5E5E5E47, bin not found / already patched!
15:831  0:000  6. [change GFX0 to IGPU]: pattern 47465830, bin not found / already patched!
15:831  0:000  7. [change SAT0 to SATA (SSDT-SMBUS.dsl)]: pattern 53415430, bin not found / already patched!
15:831  0:000  8. [change Method(_PTS,1,N) to ZPTS (SSDT-PTSWAK.dsl)]: pattern 5F505453, bin not found / already patched!
15:831  0:000  9. [change Method(_WAK,1,S) to ZWAK (SSDT-PTSWAK.dsl)]: pattern 5F57414B, bin not found / already patched!
15:831  0:000  10. [change Method(GPRW,2,N) to XPRW (SSDT-GPRW.dsl)]: pattern 47505257, bin not found / already patched!
15:831  0:000  11. [change _Q1C to ZQ1C (brightness hotkey) (SSDT-BKEY.dsl)]: pattern 5F513143, bin not found / already patched!
15:831  0:000  12. [change _Q1D to ZQ1D (brightness hotkey) (SSDT-BKEY.dsl)]: pattern 5F513144, bin not found / already patched!
15:831  0:000  13. [change MATH._STA and LDR2._STA to XSTA]: disabled
15:831  0:000    0 replacements
15:831  0:000  Found OperationRegion(PNVS, SystemMemory, 6457F000, ...)
15:831  0:000  0. [change OSIN to XSIN (SSDT-XOSI.dsl)]: pattern 4F53494E, bin not found / already patched!
15:831  0:000  1. [change _OSI to XOSI (SSDT-XOSI.dsl)]: pattern 5F4F5349, bin not found / already patched!
15:831  0:000  2. [change _DSM to XDSM]: pattern 5F44534D, patched at: [ (364C) ]
15:831  0:000  3. [change HDAS to HDEF]: pattern 48444153, bin not found / already patched!
15:831  0:000  4. [change HECI to IMEI]: pattern 48454349, bin not found / already patched!
15:831  0:000  5. [remove ^^^GFX0.GLID (KLID)]: pattern 5E5E5E47, bin not found / already patched!
15:831  0:000  6. [change GFX0 to IGPU]: pattern 47465830, patched at: [ (280) (50) (952) (620) (DE5) (13) (28) (27) (13) (28) (27) (13) (28) (27) (13) (28) (27) (13) (28) (27) (13) (28) (27) (13) (28) (27) (13) (28) (27) (13) (28) (27) (13) (28) (27) (13) (28) (27) (13) (28) (27) (13) (28) (27) (13) (28) (27) (13) (28) (27) (13) (28) (FF9) ]
15:831  0:000  7. [change SAT0 to SATA (SSDT-SMBUS.dsl)]: pattern 53415430, bin not found / already patched!
15:831  0:000  8. [change Method(_PTS,1,N) to ZPTS (SSDT-PTSWAK.dsl)]: pattern 5F505453, bin not found / already patched!
15:831  0:000  9. [change Method(_WAK,1,S) to ZWAK (SSDT-PTSWAK.dsl)]: pattern 5F57414B, bin not found / already patched!
15:831  0:000  10. [change Method(GPRW,2,N) to XPRW (SSDT-GPRW.dsl)]: pattern 47505257, bin not found / already patched!
15:831  0:000  11. [change _Q1C to ZQ1C (brightness hotkey) (SSDT-BKEY.dsl)]: pattern 5F513143, bin not found / already patched!
15:831  0:000  12. [change _Q1D to ZQ1D (brightness hotkey) (SSDT-BKEY.dsl)]: pattern 5F513144, bin not found / already patched!
15:831  0:000  13. [change MATH._STA and LDR2._STA to XSTA]: disabled
15:831  0:000    0 replacements
15:831  0:000  Found OperationRegion(VBOR, SystemMemory, 7CE04018, ...)
15:831  0:000  Found OperationRegion(SGOP, SystemMemory, 7BBACF98, ...)
15:831  0:000  Found OperationRegion(NOPR, SystemMemory, 7CE69018, ...)
15:831  0:000  === [ ACPIPatchedAML ] ====================================
15:831  0:000  AutoMerge pass 2
15:831  0:000  Unsorted
15:831  0:000  Inserting SSDT-XOSI.aml from EFI\CLOVER\ACPI\patched: size=206 ... Success
15:832  0:000  Inserting SSDT-USBX.aml from EFI\CLOVER\ACPI\patched: size=135 ... Success
15:832  0:000  Inserting SSDT-SMBUS.aml from EFI\CLOVER\ACPI\patched: size=138 ... Success
15:832  0:000  Inserting SSDT-RMNE.aml from EFI\CLOVER\ACPI\patched: size=212 ... Success
15:832  0:000  Inserting SSDT-RMCF.aml from EFI\CLOVER\ACPI\patched: size=911 ... Success
15:832  0:000  Inserting SSDT-PXSX.aml from EFI\CLOVER\ACPI\patched: size=467 ... Success
15:832  0:000  Inserting SSDT-PTSWAK.aml from EFI\CLOVER\ACPI\patched: size=626 ... Success
15:832  0:000  Inserting SSDT-PNP0C14.aml from EFI\CLOVER\ACPI\patched: size=151 ... Success
15:832  0:000  Inserting SSDT-PNLF.aml from EFI\CLOVER\ACPI\patched: size=1128 ... Success
15:832  0:000  Inserting SSDT-PMCR.aml from EFI\CLOVER\ACPI\patched: size=63 ... Success
15:832  0:000  Inserting SSDT-MEM2.aml from EFI\CLOVER\ACPI\patched: size=113 ... Success
15:832  0:000  Inserting SSDT-LPC.aml from EFI\CLOVER\ACPI\patched: size=390 ... Success
15:832  0:000  Inserting SSDT-HPET.aml from EFI\CLOVER\ACPI\patched: size=87 ... Success
15:832  0:000  Inserting SSDT-GPRW.aml from EFI\CLOVER\ACPI\patched: size=134 ... Success
15:832  0:000  Inserting SSDT-EC.aml from EFI\CLOVER\ACPI\patched: size=63 ... Success
15:832  0:000  Inserting SSDT-DMAC.aml from EFI\CLOVER\ACPI\patched: size=114 ... Success
15:832  0:000  Inserting SSDT-DDGPU.aml from EFI\CLOVER\ACPI\patched: size=146 ... Success
15:832  0:000  Inserting SSDT-BKEY.aml from EFI\CLOVER\ACPI\patched: size=169 ... Success
15:832  0:000  CPUBase=0 and ApicCPUBase=1 ApicCPUNum=8
15:832  0:000  Maximum control=0x18
15:832  0:000  Turbo control=0x1C
15:832  0:000  P-States: min 0x4, max 0x1C
15:832  0:000  SSDT with plugin-type without P-States is generated
15:832  0:000  Cleanup XSDT: count=46, length=404
15:832  0:000  corrected XSDT count=45, length=396
15:832  0:000  === [ RestSetup macOS ] ===================================
15:832  0:000  EdidDiscovered size=128
15:832  0:000  --- Discovered EDID Table size:128
15:832  0:000  000  |  00  FF  FF  FF  FF  FF  FF  00  09  E5
15:833  0:000  010  |  B7  06  00  00  00  00  01  1A  01  04
15:833  0:000  020  |  A5  1D  11  78  0A  11  60  AB  53  47
15:833  0:000  030  |  96  23  18  50  54  00  00  00  01  01
15:833  0:000  040  |  01  01  01  01  01  01  01  01  01  01
15:833  0:000  050  |  01  01  01  01  BC  39  80  18  71  38
15:833  0:000  060  |  28  40  30  20  36  00  26  A5  10  00
15:833  0:000  070  |  00  1A  36  2E  80  18  71  38  28  40
15:833  0:000  080  |  30  20  36  00  26  A5  10  00  00  1A
15:833  0:000  090  |  00  00  00  FE  00  42  4F  45  20  43
15:833  0:000  100  |  51  0A  20  20  20  20  20  20  00  00
15:833  0:000  110  |  00  FE  00  4E  56  31  33  33  46  48
15:833  0:000  120  |  4D  2D  4E  35  32  0A  00  B8
15:833  0:000  add device: PciRoot(0x0)/Pci(0x2,0x0)
15:833  0:000     Add key=hda-gfx valuelen=10
15:833  0:000     Add key=framebuffer-unifiedmem valuelen=4
15:833  0:000     Add key=framebuffer-stolenmem valuelen=4
15:833  0:000     Add key=framebuffer-portcount  valuelen=4
15:833  0:000     Add key=framebuffer-pipecount valuelen=4
15:833  0:000     Add key=framebuffer-patch-enable valuelen=4
15:833  0:000     Add key=framebuffer-fbmem valuelen=4
15:833  0:000     Add key=framebuffer-con1-type valuelen=4
15:833  0:000     Add key=framebuffer-con1-enable valuelen=4
15:833  0:000     Add key=disable-external-gpu valuelen=4
15:833  0:000     Add key=device-id valuelen=4
15:833  0:000     Add key=AAPL,slot-name valuelen=12
15:833  0:000     Add key=AAPL,ig-platform-id valuelen=4
15:833  0:000  add device: PciRoot(0x0)/Pci(0x1F,0x4)
15:833  0:000     Add key=model valuelen=23
15:833  0:000     Add key=AAPL,slot-name valuelen=12
15:833  0:000  add device: PciRoot(0x0)/Pci(0x1F,0x3)
15:833  0:000     Add key=model valuelen=32
15:833  0:000     Add key=layout-id valuelen=4
15:833  0:000     Add key=hda-idle-support valuelen=2
15:833  0:000     Add key=hda-gfx valuelen=10
15:833  0:000     Add key=AAPL,slot-name valuelen=12
15:833  0:000  add device: PciRoot(0x0)/Pci(0x1F,0x2)
15:833  0:000     Add key=model valuelen=21
15:833  0:000     Add key=device_type valuelen=18
15:833  0:000     Add key=AAPL,slot-name valuelen=12
15:833  0:000  add device: PciRoot(0x0)/Pci(0x1C,0x8)
15:833  0:000     Add key=reg-ltrovr valuelen=8
15:833  0:000  add device: PciRoot(0x0)/Pci(0x1C,0x7)
15:833  0:000     Add key=reg-ltrovr valuelen=8
15:833  0:000  add device: PciRoot(0x0)/Pci(0x1C,0x4)
15:833  0:000     Add key=reg-ltrovr valuelen=8
15:833  0:000  add device: PciRoot(0x0)/Pci(0x1C,0x0)
15:833  0:000     Add key=reg-ltrovr valuelen=8
15:833  0:000  add device: PciRoot(0x0)/Pci(0x16,0x0)
15:833  0:000     Add key=model valuelen=30
15:833  0:000     Add key=device_type valuelen=5
15:833  0:000     Add key=AAPL,slot-name valuelen=12
15:833  0:000  add device: PciRoot(0x0)/Pci(0x14,0x0)
15:833  0:000     Add key=subsystem-vendor-id valuelen=4
15:833  0:000     Add key=subsystem-id valuelen=4
15:833  0:000     Add key=name valuelen=13
15:833  0:000     Add key=model valuelen=41
15:833  0:000     Add key=AAPL,slot-name valuelen=12
15:833  0:000     Add key=AAPL,max-port-current-in-sleep valuelen=4
15:833  0:000     Add key=AAPL,current-extra-in-sleep valuelen=4
15:833  0:000     Add key=AAPL,current-extra valuelen=4
15:833  0:000     Add key=AAPL,current-available valuelen=4
15:833  0:000  Intel GFX injection not set
15:833  0:000   RCBA disabled; cannot use it
15:833  0:000  stringlength = 4410
15:833  0:000  CurrentMode: Width=1920 Height=1080
15:833  0:000  Beginning FSInjection
FSInjectionInstall ...
- Our FSI_SIMPLE_FILE_SYSTEM_PROTOCOL installed on handle: 6ADAD118
FSInjectionInstall ...
- Our FSI_SIMPLE_FILE_SYSTEM_PROTOCOL installed on handle: 6ADAD118
15:836  0:002  Use origin smbios table type 1 guid.
15:836  0:000  Preparing kexts injection for arch=x86_64 from EFI\CLOVER\kexts\Other
15:836  0:000  SetStartupDiskVolume:
15:836  0:000    * Volume: 'Machintosh HD'
15:836  0:000    * LoaderPath: '<null string>'
15:836  0:000    * DevPath: Machintosh HD
15:836  0:000    * GUID = 55FF1A1B-F6DA-4E40-8D92-120AE769C7DA
15:836  0:000    * efi-boot-device: <array><dict><key>IOMatch</key><dict><key>IOProviderClass</key><string>IOMedia</string><key>IOPropertyMatch</key><dict><key>UUID</key><string>55FF1A1B-F6DA-4E40-8D92-120AE769C7DA</string></dict></dict></dict></array>
15:837  0:000  Custom boot screen not used because entry has unset use graphics
15:838  0:001  Closing log
